<?xml version="1.0" encoding="UTF-8"?>
<testng-results ignored="1" total="2" passed="1" failed="0" skipped="0">
  <reporter-output>
  </reporter-output>
  <suite started-at="2023-08-27T11:28:44 IST" name="Default suite" finished-at="2023-08-27T11:29:56 IST" duration-ms="71644">
    <groups>
    </groups>
    <test started-at="2023-08-27T11:28:44 IST" name="Default test" finished-at="2023-08-27T11:29:56 IST" duration-ms="71644">
      <class name="homePageTestCases.SearchProduct">
        <test-method is-config="true" signature="Cofig_BC()[pri:0, instance:homePageTestCases.SearchProduct@59505b48]" started-at="2023-08-27T11:28:44 IST" name="Cofig_BC" finished-at="2023-08-27T11:29:25 IST" duration-ms="40604" status="PASS">
          <reporter-output>
          </reporter-output>
        </test-method> <!-- Cofig_BC -->
        <test-method is-config="true" signature="Config_BM()[pri:0, instance:homePageTestCases.SearchProduct@59505b48]" started-at="2023-08-27T11:29:25 IST" name="Config_BM" finished-at="2023-08-27T11:29:38 IST" duration-ms="12438" status="PASS">
          <reporter-output>
          </reporter-output>
        </test-method> <!-- Config_BM -->
        <test-method signature="searchMobiles()[pri:0, instance:homePageTestCases.SearchProduct@59505b48]" started-at="2023-08-27T11:29:38 IST" name="searchMobiles" finished-at="2023-08-27T11:29:55 IST" duration-ms="17453" status="PASS">
          <reporter-output>
          </reporter-output>
        </test-method> <!-- searchMobiles -->
        <test-method is-config="true" signature="Cofig_AM()[pri:0, instance:homePageTestCases.SearchProduct@59505b48]" started-at="2023-08-27T11:29:55 IST" name="Cofig_AM" finished-at="2023-08-27T11:29:55 IST" duration-ms="2" status="PASS">
          <reporter-output>
          </reporter-output>
        </test-method> <!-- Cofig_AM -->
        <test-method is-config="true" signature="config_AC()[pri:0, instance:homePageTestCases.SearchProduct@59505b48]" started-at="2023-08-27T11:29:55 IST" name="config_AC" finished-at="2023-08-27T11:29:56 IST" duration-ms="1062" status="PASS">
          <reporter-output>
          </reporter-output>
        </test-method> <!-- config_AC -->
      </class> <!-- homePageTestCases.SearchProduct -->
    </test> <!-- Default test -->
  </suite> <!-- Default suite -->
</testng-results>
