<?xml version="1.0" encoding="UTF-8"?>
<!-- Generated by org.testng.reporters.JUnitXMLReporter -->
<testsuite ignored="1" hostname="DESKTOP-BSREHGF" failures="0" tests="1" name="Default test" time="71.644" errors="0" timestamp="2023-08-27T11:29:56 IST">
  <testcase classname="homePageTestCases.SearchProduct" name="searchMobiles" time="17.453"/>
  <testcase classname="homePageTestCases.SearchProduct" name="storeAllMobileNames" time="0.0">
    <ignored/>
  </testcase> <!-- storeAllMobileNames -->
</testsuite> <!-- Default test -->
